[master cdfc25c] update
 5 files changed, 34 insertions(+), 23 deletions(-)
 rewrite fig.png (98%)
 create mode 100644 nohup.out
remote: This repository moved. Please use the new location:        
remote:   git@github.com:zyl24/OpenFGL.git        
To github.com:zyl24/OPENFGL.git
   a234923..cdfc25c  master -> master
Branch 'master' set up to track remote branch 'master' from 'origin'.
On branch master
Your branch is up to date with 'origin/master'.

nothing to commit, working tree clean
Everything up-to-date
Branch 'master' set up to track remote branch 'master' from 'origin'.
[master 776e3d0] update
 7 files changed, 639 insertions(+), 141 deletions(-)
 rewrite data/processing.py (97%)
 rewrite fig.png (98%)
 create mode 100644 products.out
 create mode 100644 q1_coll_graph_fl.out
 create mode 100644 q1_isolate_graph_fl.out
remote: This repository moved. Please use the new location:        
remote:   git@github.com:zyl24/OpenFGL.git        
To github.com:zyl24/OPENFGL.git
   894bfff..776e3d0  master -> master
Branch 'master' set up to track remote branch 'master' from 'origin'.
