Running fedavg+gin with Dataset=MUTAG Local Model on Global Data, Repeat=1
Running fedprox+gin with Dataset=MUTAG Local Model on Global Data, Repeat=1
Running scaffold+gin with Dataset=MUTAG Local Model on Global Data, Repeat=1
Running moon+gin with Dataset=MUTAG Local Model on Global Data, Repeat=1
Running feddc+gin with Dataset=MUTAG Local Model on Global Data, Repeat=1
Running fedprotos+gin with Dataset=MUTAG Local Model on Global Data, Repeat=1
Running fedtgp+gin with Dataset=MUTAG Local Model on Global Data, Repeat=1
Running gcfl_plus+gin with Dataset=MUTAG Local Model on Global Data, Repeat=1
Running fedstar+gin with Dataset=MUTAG Local Model on Global Data, Repeat=1
Running fedavg+gin with Dataset=BZR Local Model on Global Data, Repeat=1
Running fedprox+gin with Dataset=BZR Local Model on Global Data, Repeat=1
Running scaffold+gin with Dataset=BZR Local Model on Global Data, Repeat=1
Running moon+gin with Dataset=BZR Local Model on Global Data, Repeat=1
Running feddc+gin with Dataset=BZR Local Model on Global Data, Repeat=1
Running fedprotos+gin with Dataset=BZR Local Model on Global Data, Repeat=1
Running fedtgp+gin with Dataset=BZR Local Model on Global Data, Repeat=1
Running gcfl_plus+gin with Dataset=BZR Local Model on Global Data, Repeat=1
Running fedstar+gin with Dataset=BZR Local Model on Global Data, Repeat=1
Running fedavg+gin with Dataset=COX2 Local Model on Global Data, Repeat=1
Running fedprox+gin with Dataset=COX2 Local Model on Global Data, Repeat=1
Running scaffold+gin with Dataset=COX2 Local Model on Global Data, Repeat=1
Running moon+gin with Dataset=COX2 Local Model on Global Data, Repeat=1
Running feddc+gin with Dataset=COX2 Local Model on Global Data, Repeat=1
Running fedprotos+gin with Dataset=COX2 Local Model on Global Data, Repeat=1
Running fedtgp+gin with Dataset=COX2 Local Model on Global Data, Repeat=1
Running gcfl_plus+gin with Dataset=COX2 Local Model on Global Data, Repeat=1
Running fedstar+gin with Dataset=COX2 Local Model on Global Data, Repeat=1
Running fedavg+gin with Dataset=ENZYMES Local Model on Global Data, Repeat=1
Running fedprox+gin with Dataset=ENZYMES Local Model on Global Data, Repeat=1
Running scaffold+gin with Dataset=ENZYMES Local Model on Global Data, Repeat=1
Running moon+gin with Dataset=ENZYMES Local Model on Global Data, Repeat=1
Running feddc+gin with Dataset=ENZYMES Local Model on Global Data, Repeat=1
Running fedprotos+gin with Dataset=ENZYMES Local Model on Global Data, Repeat=1
Running fedtgp+gin with Dataset=ENZYMES Local Model on Global Data, Repeat=1
Running gcfl_plus+gin with Dataset=ENZYMES Local Model on Global Data, Repeat=1
Running fedstar+gin with Dataset=ENZYMES Local Model on Global Data, Repeat=1
Running fedavg+gin with Dataset=DD Local Model on Global Data, Repeat=1
Running fedprox+gin with Dataset=DD Local Model on Global Data, Repeat=1
Running scaffold+gin with Dataset=DD Local Model on Global Data, Repeat=1
Running moon+gin with Dataset=DD Local Model on Global Data, Repeat=1
Running feddc+gin with Dataset=DD Local Model on Global Data, Repeat=1
Running fedprotos+gin with Dataset=DD Local Model on Global Data, Repeat=1
Running fedtgp+gin with Dataset=DD Local Model on Global Data, Repeat=1
Running gcfl_plus+gin with Dataset=DD Local Model on Global Data, Repeat=1
Running fedstar+gin with Dataset=DD Local Model on Global Data, Repeat=1
Running fedavg+gin with Dataset=PROTEINS Local Model on Global Data, Repeat=1
Running fedprox+gin with Dataset=PROTEINS Local Model on Global Data, Repeat=1
Running scaffold+gin with Dataset=PROTEINS Local Model on Global Data, Repeat=1
Running moon+gin with Dataset=PROTEINS Local Model on Global Data, Repeat=1
Running feddc+gin with Dataset=PROTEINS Local Model on Global Data, Repeat=1
Running fedprotos+gin with Dataset=PROTEINS Local Model on Global Data, Repeat=1
Running fedtgp+gin with Dataset=PROTEINS Local Model on Global Data, Repeat=1
Running gcfl_plus+gin with Dataset=PROTEINS Local Model on Global Data, Repeat=1
Running fedstar+gin with Dataset=PROTEINS Local Model on Global Data, Repeat=1
Running fedavg+gin with Dataset=COLLAB Local Model on Global Data, Repeat=1
Running fedprox+gin with Dataset=COLLAB Local Model on Global Data, Repeat=1
Running scaffold+gin with Dataset=COLLAB Local Model on Global Data, Repeat=1
Running moon+gin with Dataset=COLLAB Local Model on Global Data, Repeat=1
Running feddc+gin with Dataset=COLLAB Local Model on Global Data, Repeat=1
Running fedprotos+gin with Dataset=COLLAB Local Model on Global Data, Repeat=1
Running fedtgp+gin with Dataset=COLLAB Local Model on Global Data, Repeat=1
Running gcfl_plus+gin with Dataset=COLLAB Local Model on Global Data, Repeat=1
Running fedstar+gin with Dataset=COLLAB Local Model on Global Data, Repeat=1
Running fedavg+gin with Dataset=IMDB-BINRAY Local Model on Global Data, Repeat=1
Running fedprox+gin with Dataset=IMDB-BINRAY Local Model on Global Data, Repeat=1
Running scaffold+gin with Dataset=IMDB-BINRAY Local Model on Global Data, Repeat=1
Running moon+gin with Dataset=IMDB-BINRAY Local Model on Global Data, Repeat=1
Running feddc+gin with Dataset=IMDB-BINRAY Local Model on Global Data, Repeat=1
Running fedprotos+gin with Dataset=IMDB-BINRAY Local Model on Global Data, Repeat=1
Running fedtgp+gin with Dataset=IMDB-BINRAY Local Model on Global Data, Repeat=1
Running gcfl_plus+gin with Dataset=IMDB-BINRAY Local Model on Global Data, Repeat=1
Running fedstar+gin with Dataset=IMDB-BINRAY Local Model on Global Data, Repeat=1
Running fedavg+gin with Dataset=IMDB-MULTI Local Model on Global Data, Repeat=1
Running fedprox+gin with Dataset=IMDB-MULTI Local Model on Global Data, Repeat=1
Running scaffold+gin with Dataset=IMDB-MULTI Local Model on Global Data, Repeat=1
Running moon+gin with Dataset=IMDB-MULTI Local Model on Global Data, Repeat=1
Running feddc+gin with Dataset=IMDB-MULTI Local Model on Global Data, Repeat=1
Running fedprotos+gin with Dataset=IMDB-MULTI Local Model on Global Data, Repeat=1
Running fedtgp+gin with Dataset=IMDB-MULTI Local Model on Global Data, Repeat=1
Running gcfl_plus+gin with Dataset=IMDB-MULTI Local Model on Global Data, Repeat=1
Running fedstar+gin with Dataset=IMDB-MULTI Local Model on Global Data, Repeat=1
-----------
Local Model on Global Data - Done!
-----------
Running fedavg+gin with Dataset=MUTAG Local Model on Global Data, Repeat=1
Running fedprox+gin with Dataset=MUTAG Local Model on Global Data, Repeat=1
Running scaffold+gin with Dataset=MUTAG Local Model on Global Data, Repeat=1
Running moon+gin with Dataset=MUTAG Local Model on Global Data, Repeat=1
Running feddc+gin with Dataset=MUTAG Local Model on Global Data, Repeat=1
Running fedprotos+gin with Dataset=MUTAG Local Model on Global Data, Repeat=1
Running fedtgp+gin with Dataset=MUTAG Local Model on Global Data, Repeat=1
Running gcfl_plus+gin with Dataset=MUTAG Local Model on Global Data, Repeat=1
Running fedstar+gin with Dataset=MUTAG Local Model on Global Data, Repeat=1
Running fedavg+gin with Dataset=BZR Local Model on Global Data, Repeat=1
Running fedprox+gin with Dataset=BZR Local Model on Global Data, Repeat=1
Running scaffold+gin with Dataset=BZR Local Model on Global Data, Repeat=1
Running moon+gin with Dataset=BZR Local Model on Global Data, Repeat=1
Running feddc+gin with Dataset=BZR Local Model on Global Data, Repeat=1
Running fedprotos+gin with Dataset=BZR Local Model on Global Data, Repeat=1
Running fedtgp+gin with Dataset=BZR Local Model on Global Data, Repeat=1
Running gcfl_plus+gin with Dataset=BZR Local Model on Global Data, Repeat=1
Running fedstar+gin with Dataset=BZR Local Model on Global Data, Repeat=1
Running fedavg+gin with Dataset=COX2 Local Model on Global Data, Repeat=1
Running fedprox+gin with Dataset=COX2 Local Model on Global Data, Repeat=1
Running scaffold+gin with Dataset=COX2 Local Model on Global Data, Repeat=1
Running moon+gin with Dataset=COX2 Local Model on Global Data, Repeat=1
Running feddc+gin with Dataset=COX2 Local Model on Global Data, Repeat=1
Running fedprotos+gin with Dataset=COX2 Local Model on Global Data, Repeat=1
Running fedtgp+gin with Dataset=COX2 Local Model on Global Data, Repeat=1
Running gcfl_plus+gin with Dataset=COX2 Local Model on Global Data, Repeat=1
Running fedstar+gin with Dataset=COX2 Local Model on Global Data, Repeat=1
Running fedavg+gin with Dataset=ENZYMES Local Model on Global Data, Repeat=1
Running fedprox+gin with Dataset=ENZYMES Local Model on Global Data, Repeat=1
Running scaffold+gin with Dataset=ENZYMES Local Model on Global Data, Repeat=1
Running moon+gin with Dataset=ENZYMES Local Model on Global Data, Repeat=1
Running feddc+gin with Dataset=ENZYMES Local Model on Global Data, Repeat=1
Running fedprotos+gin with Dataset=ENZYMES Local Model on Global Data, Repeat=1
Running fedtgp+gin with Dataset=ENZYMES Local Model on Global Data, Repeat=1
Running gcfl_plus+gin with Dataset=ENZYMES Local Model on Global Data, Repeat=1
Running fedstar+gin with Dataset=ENZYMES Local Model on Global Data, Repeat=1
Running fedavg+gin with Dataset=DD Local Model on Global Data, Repeat=1
Running fedprox+gin with Dataset=DD Local Model on Global Data, Repeat=1
Running scaffold+gin with Dataset=DD Local Model on Global Data, Repeat=1
Running moon+gin with Dataset=DD Local Model on Global Data, Repeat=1
Running feddc+gin with Dataset=DD Local Model on Global Data, Repeat=1
Running fedprotos+gin with Dataset=DD Local Model on Global Data, Repeat=1
Running fedtgp+gin with Dataset=DD Local Model on Global Data, Repeat=1
Running gcfl_plus+gin with Dataset=DD Local Model on Global Data, Repeat=1
Running fedstar+gin with Dataset=DD Local Model on Global Data, Repeat=1
Running fedavg+gin with Dataset=PROTEINS Local Model on Global Data, Repeat=1
Running fedprox+gin with Dataset=PROTEINS Local Model on Global Data, Repeat=1
Running scaffold+gin with Dataset=PROTEINS Local Model on Global Data, Repeat=1
Running moon+gin with Dataset=PROTEINS Local Model on Global Data, Repeat=1
Running feddc+gin with Dataset=PROTEINS Local Model on Global Data, Repeat=1
Running fedprotos+gin with Dataset=PROTEINS Local Model on Global Data, Repeat=1
Running fedtgp+gin with Dataset=PROTEINS Local Model on Global Data, Repeat=1
Running gcfl_plus+gin with Dataset=PROTEINS Local Model on Global Data, Repeat=1
Running fedstar+gin with Dataset=PROTEINS Local Model on Global Data, Repeat=1
Running fedavg+gin with Dataset=COLLAB Local Model on Global Data, Repeat=1
Running fedprox+gin with Dataset=COLLAB Local Model on Global Data, Repeat=1
Running scaffold+gin with Dataset=COLLAB Local Model on Global Data, Repeat=1
Running moon+gin with Dataset=COLLAB Local Model on Global Data, Repeat=1
Running feddc+gin with Dataset=COLLAB Local Model on Global Data, Repeat=1
Running fedprotos+gin with Dataset=COLLAB Local Model on Global Data, Repeat=1
Running fedtgp+gin with Dataset=COLLAB Local Model on Global Data, Repeat=1
Running gcfl_plus+gin with Dataset=COLLAB Local Model on Global Data, Repeat=1
Running fedstar+gin with Dataset=COLLAB Local Model on Global Data, Repeat=1
Running fedavg+gin with Dataset=IMDB-BINRAY Local Model on Global Data, Repeat=1
Running fedprox+gin with Dataset=IMDB-BINRAY Local Model on Global Data, Repeat=1
Running scaffold+gin with Dataset=IMDB-BINRAY Local Model on Global Data, Repeat=1
Running moon+gin with Dataset=IMDB-BINRAY Local Model on Global Data, Repeat=1
Running feddc+gin with Dataset=IMDB-BINRAY Local Model on Global Data, Repeat=1
Running fedprotos+gin with Dataset=IMDB-BINRAY Local Model on Global Data, Repeat=1
Running fedtgp+gin with Dataset=IMDB-BINRAY Local Model on Global Data, Repeat=1
Running gcfl_plus+gin with Dataset=IMDB-BINRAY Local Model on Global Data, Repeat=1
Running fedstar+gin with Dataset=IMDB-BINRAY Local Model on Global Data, Repeat=1
Running fedavg+gin with Dataset=IMDB-MULTI Local Model on Global Data, Repeat=1
Running fedprox+gin with Dataset=IMDB-MULTI Local Model on Global Data, Repeat=1
Running scaffold+gin with Dataset=IMDB-MULTI Local Model on Global Data, Repeat=1
Running moon+gin with Dataset=IMDB-MULTI Local Model on Global Data, Repeat=1
Running feddc+gin with Dataset=IMDB-MULTI Local Model on Global Data, Repeat=1
Running fedprotos+gin with Dataset=IMDB-MULTI Local Model on Global Data, Repeat=1
Running fedtgp+gin with Dataset=IMDB-MULTI Local Model on Global Data, Repeat=1
Running gcfl_plus+gin with Dataset=IMDB-MULTI Local Model on Global Data, Repeat=1
Running fedstar+gin with Dataset=IMDB-MULTI Local Model on Global Data, Repeat=1
-----------
Local Model on Local Data - Done!
-----------
