Running isolate+gin with Dataset=MUTAG Local Model on Global Data, Repeat=1
Running isolate+global_sag with Dataset=MUTAG Local Model on Global Data, Repeat=1
Running isolate+global_pan with Dataset=MUTAG Local Model on Global Data, Repeat=1
Running isolate+global_edge with Dataset=MUTAG Local Model on Global Data, Repeat=1
Running isolate+gin with Dataset=BZR Local Model on Global Data, Repeat=1
Running isolate+global_sag with Dataset=BZR Local Model on Global Data, Repeat=1
Running isolate+global_pan with Dataset=BZR Local Model on Global Data, Repeat=1
Running isolate+global_edge with Dataset=BZR Local Model on Global Data, Repeat=1
Running isolate+gin with Dataset=COX2 Local Model on Global Data, Repeat=1
Running isolate+global_sag with Dataset=COX2 Local Model on Global Data, Repeat=1
Running isolate+global_pan with Dataset=COX2 Local Model on Global Data, Repeat=1
Running isolate+global_edge with Dataset=COX2 Local Model on Global Data, Repeat=1
Running isolate+gin with Dataset=ENZYMES Local Model on Global Data, Repeat=1
Running isolate+global_sag with Dataset=ENZYMES Local Model on Global Data, Repeat=1
Running isolate+global_pan with Dataset=ENZYMES Local Model on Global Data, Repeat=1
Running isolate+global_edge with Dataset=ENZYMES Local Model on Global Data, Repeat=1
Running isolate+gin with Dataset=DD Local Model on Global Data, Repeat=1
Running isolate+global_sag with Dataset=DD Local Model on Global Data, Repeat=1
Running isolate+global_pan with Dataset=DD Local Model on Global Data, Repeat=1
Running isolate+global_edge with Dataset=DD Local Model on Global Data, Repeat=1
Running isolate+gin with Dataset=PROTEINS Local Model on Global Data, Repeat=1
Running isolate+global_sag with Dataset=PROTEINS Local Model on Global Data, Repeat=1
Running isolate+global_pan with Dataset=PROTEINS Local Model on Global Data, Repeat=1
Running isolate+global_edge with Dataset=PROTEINS Local Model on Global Data, Repeat=1
Running isolate+gin with Dataset=COLLAB Local Model on Global Data, Repeat=1
Running isolate+global_sag with Dataset=COLLAB Local Model on Global Data, Repeat=1
Running isolate+global_pan with Dataset=COLLAB Local Model on Global Data, Repeat=1
Running isolate+global_edge with Dataset=COLLAB Local Model on Global Data, Repeat=1
Running isolate+gin with Dataset=IMDB-BINRAY Local Model on Global Data, Repeat=1
Running isolate+global_sag with Dataset=IMDB-BINRAY Local Model on Global Data, Repeat=1
Running isolate+global_pan with Dataset=IMDB-BINRAY Local Model on Global Data, Repeat=1
Running isolate+global_edge with Dataset=IMDB-BINRAY Local Model on Global Data, Repeat=1
Running isolate+gin with Dataset=IMDB-MULTI Local Model on Global Data, Repeat=1
Running isolate+global_sag with Dataset=IMDB-MULTI Local Model on Global Data, Repeat=1
Running isolate+global_pan with Dataset=IMDB-MULTI Local Model on Global Data, Repeat=1
Running isolate+global_edge with Dataset=IMDB-MULTI Local Model on Global Data, Repeat=1
-----------
Local Model on Global Data - Done!
-----------
Running isolate+gin with Dataset=MUTAG Local Model on Global Data, Repeat=1
Running isolate+global_sag with Dataset=MUTAG Local Model on Global Data, Repeat=1
Running isolate+global_pan with Dataset=MUTAG Local Model on Global Data, Repeat=1
Running isolate+global_edge with Dataset=MUTAG Local Model on Global Data, Repeat=1
Running isolate+gin with Dataset=BZR Local Model on Global Data, Repeat=1
Running isolate+global_sag with Dataset=BZR Local Model on Global Data, Repeat=1
Running isolate+global_pan with Dataset=BZR Local Model on Global Data, Repeat=1
Running isolate+global_edge with Dataset=BZR Local Model on Global Data, Repeat=1
Running isolate+gin with Dataset=COX2 Local Model on Global Data, Repeat=1
Running isolate+global_sag with Dataset=COX2 Local Model on Global Data, Repeat=1
Running isolate+global_pan with Dataset=COX2 Local Model on Global Data, Repeat=1
Running isolate+global_edge with Dataset=COX2 Local Model on Global Data, Repeat=1
Running isolate+gin with Dataset=ENZYMES Local Model on Global Data, Repeat=1
Running isolate+global_sag with Dataset=ENZYMES Local Model on Global Data, Repeat=1
Running isolate+global_pan with Dataset=ENZYMES Local Model on Global Data, Repeat=1
Running isolate+global_edge with Dataset=ENZYMES Local Model on Global Data, Repeat=1
Running isolate+gin with Dataset=DD Local Model on Global Data, Repeat=1
Running isolate+global_sag with Dataset=DD Local Model on Global Data, Repeat=1
Running isolate+global_pan with Dataset=DD Local Model on Global Data, Repeat=1
Running isolate+global_edge with Dataset=DD Local Model on Global Data, Repeat=1
Running isolate+gin with Dataset=PROTEINS Local Model on Global Data, Repeat=1
Running isolate+global_sag with Dataset=PROTEINS Local Model on Global Data, Repeat=1
Running isolate+global_pan with Dataset=PROTEINS Local Model on Global Data, Repeat=1
Running isolate+global_edge with Dataset=PROTEINS Local Model on Global Data, Repeat=1
Running isolate+gin with Dataset=COLLAB Local Model on Global Data, Repeat=1
Running isolate+global_sag with Dataset=COLLAB Local Model on Global Data, Repeat=1
Running isolate+global_pan with Dataset=COLLAB Local Model on Global Data, Repeat=1
Running isolate+global_edge with Dataset=COLLAB Local Model on Global Data, Repeat=1
Running isolate+gin with Dataset=IMDB-BINRAY Local Model on Global Data, Repeat=1
Running isolate+global_sag with Dataset=IMDB-BINRAY Local Model on Global Data, Repeat=1
Running isolate+global_pan with Dataset=IMDB-BINRAY Local Model on Global Data, Repeat=1
Running isolate+global_edge with Dataset=IMDB-BINRAY Local Model on Global Data, Repeat=1
Running isolate+gin with Dataset=IMDB-MULTI Local Model on Global Data, Repeat=1
Running isolate+global_sag with Dataset=IMDB-MULTI Local Model on Global Data, Repeat=1
Running isolate+global_pan with Dataset=IMDB-MULTI Local Model on Global Data, Repeat=1
Running isolate+global_edge with Dataset=IMDB-MULTI Local Model on Global Data, Repeat=1
-----------
Local Model on Local Data - Done!
-----------
