Running fggp+gcn with Dataset=Cora Local Model on Global Data, Repeat=1
Running fedgl+gcn with Dataset=Cora Local Model on Global Data, Repeat=1
Running fgssl+gcn with Dataset=Cora Local Model on Global Data, Repeat=1
Running fggp+gcn with Dataset=CiteSeer Local Model on Global Data, Repeat=1
Running fedgl+gcn with Dataset=CiteSeer Local Model on Global Data, Repeat=1
Running fgssl+gcn with Dataset=CiteSeer Local Model on Global Data, Repeat=1
Running fggp+gcn with Dataset=CS Local Model on Global Data, Repeat=1
Running fedgl+gcn with Dataset=CS Local Model on Global Data, Repeat=1
Running fgssl+gcn with Dataset=CS Local Model on Global Data, Repeat=1
Running fggp+gcn with Dataset=Physics Local Model on Global Data, Repeat=1
Running fedgl+gcn with Dataset=Physics Local Model on Global Data, Repeat=1
Running fgssl+gcn with Dataset=Physics Local Model on Global Data, Repeat=1
Running fggp+gcn with Dataset=Computers Local Model on Global Data, Repeat=1
Running fedgl+gcn with Dataset=Computers Local Model on Global Data, Repeat=1
Running fgssl+gcn with Dataset=Computers Local Model on Global Data, Repeat=1
Running fggp+gcn with Dataset=Photo Local Model on Global Data, Repeat=1
Running fedgl+gcn with Dataset=Photo Local Model on Global Data, Repeat=1
Running fgssl+gcn with Dataset=Photo Local Model on Global Data, Repeat=1
Running fggp+gcn with Dataset=ogbn-products Local Model on Global Data, Repeat=1
./scripts/effectiveness_q1/supp.sh: line 12: 2180241 Killed                  python main.py --debug True --seed 0 --dataset "${dataset}" --fl_algorithm "${algorithm}" --num_clients 10 --scenario fedsubgraph --processing raw --num_rounds 100 --num_epochs 3 --simulation_mode fedsubgraph_metis --lr 1e-2 --model "${model}" --processing raw --task node_cls --metrics accuracy --log_root exp/effectiveness_q1/subgraph_fl/"${dataset}" --log_name "${algorithm}" --evaluation_mode local_model_on_local_data > exp/effectiveness_q1/subgraph_fl/terminal_output/"${dataset}"_"${algorithm}".out 2>&1
Running fedgl+gcn with Dataset=ogbn-products Local Model on Global Data, Repeat=1
Running fgssl+gcn with Dataset=ogbn-products Local Model on Global Data, Repeat=1
Running fggp+gcn with Dataset=Amazon-ratings Local Model on Global Data, Repeat=1
Running fedgl+gcn with Dataset=Amazon-ratings Local Model on Global Data, Repeat=1
Running fgssl+gcn with Dataset=Amazon-ratings Local Model on Global Data, Repeat=1
Running fggp+gcn with Dataset=Actor Local Model on Global Data, Repeat=1
Running fedgl+gcn with Dataset=Actor Local Model on Global Data, Repeat=1
Running fgssl+gcn with Dataset=Actor Local Model on Global Data, Repeat=1
Running fggp+gcn with Dataset=Chameleon Local Model on Global Data, Repeat=1
Running fedgl+gcn with Dataset=Chameleon Local Model on Global Data, Repeat=1
Running fgssl+gcn with Dataset=Chameleon Local Model on Global Data, Repeat=1
